<?xml version="1.0" encoding="UTF-8"?>
<testng-results skipped="0" failed="0" ignored="0" total="4" passed="4">
  <reporter-output>
  </reporter-output>
  <suite name="Suite" duration-ms="35" started-at="2020-09-01T01:36:45 IST" finished-at="2020-09-01T01:36:45 IST">
    <groups>
    </groups>
    <test name="Test" duration-ms="35" started-at="2020-09-01T01:36:45 IST" finished-at="2020-09-01T01:36:45 IST">
      <class name="qaclickacademy.AppiumTest">
        <test-method status="PASS" signature="IOSApps()[pri:0, instance:qaclickacademy.AppiumTest@57536d79]" name="IOSApps" duration-ms="3" started-at="2020-09-01T01:36:45 IST" finished-at="2020-09-01T01:36:45 IST">
          <reporter-output>
          </reporter-output>
        </test-method> <!-- IOSApps -->
        <test-method status="PASS" signature="NativeAppAndroid()[pri:0, instance:qaclickacademy.AppiumTest@57536d79]" name="NativeAppAndroid" duration-ms="0" started-at="2020-09-01T01:36:45 IST" finished-at="2020-09-01T01:36:45 IST">
          <reporter-output>
          </reporter-output>
        </test-method> <!-- NativeAppAndroid -->
      </class> <!-- qaclickacademy.AppiumTest -->
      <class name="qaclickacademy.SeleniumTest">
        <test-method status="PASS" signature="BrowserAutomation()[pri:0, instance:qaclickacademy.SeleniumTest@3b0143d3]" name="BrowserAutomation" duration-ms="0" started-at="2020-09-01T01:36:45 IST" finished-at="2020-09-01T01:36:45 IST">
          <reporter-output>
          </reporter-output>
        </test-method> <!-- BrowserAutomation -->
        <test-method status="PASS" signature="elementsUi()[pri:0, instance:qaclickacademy.SeleniumTest@3b0143d3]" name="elementsUi" duration-ms="0" started-at="2020-09-01T01:36:45 IST" finished-at="2020-09-01T01:36:45 IST">
          <reporter-output>
          </reporter-output>
        </test-method> <!-- elementsUi -->
      </class> <!-- qaclickacademy.SeleniumTest -->
    </test> <!-- Test -->
  </suite> <!-- Suite -->
</testng-results>
